<?xml version="1.0" encoding="UTF-8"?>
<!-- Generated by org.testng.reporters.JUnitReportReporter -->
<testsuite skipped="1" hostname="DESKTOP-VO07NQ3" name="testSuites.SmokeTesting" tests="2" failures="0" timestamp="2022-05-17T19:55:18 IST" time="0.744" errors="1">
  <testcase name="invokeBrowser" time="0.744" classname="testSuites.SmokeTesting">
    <error type="org.openqa.selenium.SessionNotCreatedException" message="session not created: No matching capabilities found
Build info: version: &#039;3.5.3&#039;, revision: &#039;a88d25fe6b&#039;, time: &#039;2017-08-29T12:54:15.039Z&#039;
System info: host: &#039;DESKTOP-VO07NQ3&#039;, ip: &#039;192.168.56.1&#039;, os.name: &#039;Windows 10&#039;, os.arch: &#039;amd64&#039;, os.version: &#039;10.0&#039;, java.version: &#039;16.0.1&#039;
Driver info: driver.version: unknown
remote stacktrace: Backtrace:
	Ordinal0 [0x004BB8F3+2406643]
	Ordinal0 [0x0044AF31+1945393]
	Ordinal0 [0x0033C748+837448]
	Ordinal0 [0x00388378+1147768]
	Ordinal0 [0x003879C9+1145289]
	Ordinal0 [0x00388CF5+1150197]
	Ordinal0 [0x00388B3A+1149754]
	Ordinal0 [0x00384096+1130646]
	Ordinal0 [0x0035E636+976438]
	Ordinal0 [0x0035F546+980294]
	GetHandleVerifier [0x00729612+2498066]
	GetHandleVerifier [0x0071C920+2445600]
	GetHandleVerifier [0x00554F2A+579370]
	GetHandleVerifier [0x00553D36+574774]
	Ordinal0 [0x00451C0B+1973259]
	Ordinal0 [0x00456688+1992328]
	Ordinal0 [0x00456775+1992565]
	Ordinal0 [0x0045F8D1+2029777]
	BaseThreadInitThunk [0x76696739+25]
	RtlGetFullPathName_UEx [0x775D8E7F+1215]
	RtlGetFullPathName_UEx [0x775D8E4D+1165]

Command duration or timeout: 187 milliseconds">
      <![CDATA[org.openqa.selenium.SessionNotCreatedException: session not created: No matching capabilities found
Build info: version: '3.5.3', revision: 'a88d25fe6b', time: '2017-08-29T12:54:15.039Z'
System info: host: 'DESKTOP-VO07NQ3', ip: '192.168.56.1', os.name: 'Windows 10', os.arch: 'amd64', os.version: '10.0', java.version: '16.0.1'
Driver info: driver.version: unknown
remote stacktrace: Backtrace:
Ordinal0 [0x004BB8F3+2406643]
Ordinal0 [0x0044AF31+1945393]
Ordinal0 [0x0033C748+837448]
Ordinal0 [0x00388378+1147768]
Ordinal0 [0x003879C9+1145289]
Ordinal0 [0x00388CF5+1150197]
Ordinal0 [0x00388B3A+1149754]
Ordinal0 [0x00384096+1130646]
Ordinal0 [0x0035E636+976438]
Ordinal0 [0x0035F546+980294]
GetHandleVerifier [0x00729612+2498066]
GetHandleVerifier [0x0071C920+2445600]
GetHandleVerifier [0x00554F2A+579370]
GetHandleVerifier [0x00553D36+574774]
Ordinal0 [0x00451C0B+1973259]
Ordinal0 [0x00456688+1992328]
Ordinal0 [0x00456775+1992565]
Ordinal0 [0x0045F8D1+2029777]
BaseThreadInitThunk [0x76696739+25]
RtlGetFullPathName_UEx [0x775D8E7F+1215]
RtlGetFullPathName_UEx [0x775D8E4D+1165]

Command duration or timeout: 187 milliseconds
at sun.reflect.NativeConstructorAccessorImpl.newInstance0(Native Method)
at sun.reflect.NativeConstructorAccessorImpl.newInstance(NativeConstructorAccessorImpl.java:62)
at sun.reflect.DelegatingConstructorAccessorImpl.newInstance(DelegatingConstructorAccessorImpl.java:45)
at java.lang.reflect.Constructor.newInstance(Constructor.java:423)
at org.openqa.selenium.remote.ErrorHandler.createThrowable(ErrorHandler.java:214)
at org.openqa.selenium.remote.ErrorHandler.throwIfResponseFailed(ErrorHandler.java:166)
at org.openqa.selenium.remote.JsonWireProtocolResponse.lambda$errorHandler$0(JsonWireProtocolResponse.java:54)
at org.openqa.selenium.remote.HandshakeResponse.lambda$getResponseFunction$0(HandshakeResponse.java:30)
at org.openqa.selenium.remote.ProtocolHandshake.lambda$createSession$0(ProtocolHandshake.java:126)
at java.util.stream.ReferencePipeline$3$1.accept(ReferencePipeline.java:193)
at java.util.Spliterators$ArraySpliterator.tryAdvance(Spliterators.java:958)
at java.util.stream.ReferencePipeline.forEachWithCancel(ReferencePipeline.java:126)
at java.util.stream.AbstractPipeline.copyIntoWithCancel(AbstractPipeline.java:499)
at java.util.stream.AbstractPipeline.copyInto(AbstractPipeline.java:486)
at java.util.stream.AbstractPipeline.wrapAndCopyInto(AbstractPipeline.java:472)
at java.util.stream.FindOps$FindOp.evaluateSequential(FindOps.java:152)
at java.util.stream.AbstractPipeline.evaluate(AbstractPipeline.java:234)
at java.util.stream.ReferencePipeline.findFirst(ReferencePipeline.java:464)
at org.openqa.selenium.remote.ProtocolHandshake.createSession(ProtocolHandshake.java:128)
at org.openqa.selenium.remote.ProtocolHandshake.createSession(ProtocolHandshake.java:74)
at org.openqa.selenium.remote.HttpCommandExecutor.execute(HttpCommandExecutor.java:136)
at org.openqa.selenium.remote.RemoteWebDriver.execute(RemoteWebDriver.java:552)
at org.openqa.selenium.remote.RemoteWebDriver.startSession(RemoteWebDriver.java:213)
at org.openqa.selenium.remote.RemoteWebDriver.<init>(RemoteWebDriver.java:131)
at org.openqa.selenium.remote.RemoteWebDriver.<init>(RemoteWebDriver.java:144)
at base.Base.invokeBrowser(Base.java:93)
at testSuites.SmokeTesting.invokeBrowser(SmokeTesting.java:23)
at sun.reflect.NativeMethodAccessorImpl.invoke0(Native Method)
at sun.reflect.NativeMethodAccessorImpl.invoke(NativeMethodAccessorImpl.java:62)
at sun.reflect.DelegatingMethodAccessorImpl.invoke(DelegatingMethodAccessorImpl.java:43)
at java.lang.reflect.Method.invoke(Method.java:498)
at org.testng.internal.MethodInvocationHelper.invokeMethod(MethodInvocationHelper.java:133)
at org.testng.internal.MethodInvocationHelper.invokeMethodConsideringTimeout(MethodInvocationHelper.java:62)
at org.testng.internal.ConfigInvoker.invokeConfigurationMethod(ConfigInvoker.java:385)
at org.testng.internal.ConfigInvoker.invokeConfigurations(ConfigInvoker.java:321)
at org.testng.TestRunner.invokeTestConfigurations(TestRunner.java:637)
at org.testng.TestRunner.beforeRun(TestRunner.java:627)
at org.testng.TestRunner.run(TestRunner.java:589)
at org.testng.SuiteRunner.runTest(SuiteRunner.java:377)
at org.testng.SuiteRunner.runSequentially(SuiteRunner.java:371)
at org.testng.SuiteRunner.privateRun(SuiteRunner.java:332)
at org.testng.SuiteRunner.run(SuiteRunner.java:276)
at org.testng.SuiteRunnerWorker.runSuite(SuiteRunnerWorker.java:53)
at org.testng.SuiteRunnerWorker.run(SuiteRunnerWorker.java:96)
at org.testng.TestNG.runSuitesSequentially(TestNG.java:1212)
at org.testng.TestNG.runSuitesLocally(TestNG.java:1134)
at org.testng.TestNG.runSuites(TestNG.java:1063)
at org.testng.TestNG.run(TestNG.java:1031)
at org.testng.remote.AbstractRemoteTestNG.run(AbstractRemoteTestNG.java:115)
at org.testng.remote.RemoteTestNG.initAndRun(RemoteTestNG.java:251)
at org.testng.remote.RemoteTestNG.main(RemoteTestNG.java:77)
Caused by: org.openqa.selenium.SessionNotCreatedException: session not created: No matching capabilities found
Build info: version: '3.5.3', revision: 'a88d25fe6b', time: '2017-08-29T12:54:15.039Z'
System info: host: 'DESKTOP-VO07NQ3', ip: '192.168.56.1', os.name: 'Windows 10', os.arch: 'amd64', os.version: '10.0', java.version: '16.0.1'
Driver info: driver.version: unknown
remote stacktrace: Backtrace:
Ordinal0 [0x004BB8F3+2406643]
Ordinal0 [0x0044AF31+1945393]
Ordinal0 [0x0033C748+837448]
Ordinal0 [0x00388378+1147768]
Ordinal0 [0x003879C9+1145289]
Ordinal0 [0x00388CF5+1150197]
Ordinal0 [0x00388B3A+1149754]
Ordinal0 [0x00384096+1130646]
Ordinal0 [0x0035E636+976438]
Ordinal0 [0x0035F546+980294]
GetHandleVerifier [0x00729612+2498066]
GetHandleVerifier [0x0071C920+2445600]
GetHandleVerifier [0x00554F2A+579370]
GetHandleVerifier [0x00553D36+574774]
Ordinal0 [0x00451C0B+1973259]
Ordinal0 [0x00456688+1992328]
Ordinal0 [0x00456775+1992565]
Ordinal0 [0x0045F8D1+2029777]
BaseThreadInitThunk [0x76696739+25]
RtlGetFullPathName_UEx [0x775D8E7F+1215]
RtlGetFullPathName_UEx [0x775D8E4D+1165]

Build info: version: '3.141.59', revision: 'e82be7d358', time: '2018-11-14T08:17:03'
System info: host: 'DESKTOP-VO07NQ3', ip: '192.168.56.1', os.name: 'Windows 10', os.arch: 'amd64', os.version: '10.0', java.version: '1.8.0_301'
Driver info: driver.version: unknown
at jdk.internal.reflect.NativeConstructorAccessorImpl.newInstance0(Native Method)
at jdk.internal.reflect.NativeConstructorAccessorImpl.newInstance(NativeConstructorAccessorImpl.java:78)
at jdk.internal.reflect.DelegatingConstructorAccessorImpl.newInstance(DelegatingConstructorAccessorImpl.java:45)
at java.lang.reflect.Constructor.newInstanceWithCaller(Constructor.java:499)
at java.lang.reflect.Constructor.newInstance(Constructor.java:480)
at org.openqa.selenium.remote.W3CHandshakeResponse.lambda$new$0(W3CHandshakeResponse.java:57)
at org.openqa.selenium.remote.W3CHandshakeResponse.lambda$getResponseFunction$2(W3CHandshakeResponse.java:104)
at org.openqa.selenium.remote.ProtocolHandshake.lambda$createSession$24(ProtocolHandshake.java:359)
at java.util.stream.ReferencePipeline$3$1.accept(ReferencePipeline.java:197)
at java.util.Spliterators$ArraySpliterator.tryAdvance(Spliterators.java:958)
at java.util.stream.ReferencePipeline.forEachWithCancel(ReferencePipeline.java:129)
at java.util.stream.AbstractPipeline.copyIntoWithCancel(AbstractPipeline.java:502)
at java.util.stream.AbstractPipeline.copyInto(AbstractPipeline.java:488)
at java.util.stream.AbstractPipeline.wrapAndCopyInto(AbstractPipeline.java:474)
at java.util.stream.FindOps$FindOp.evaluateSequential(FindOps.java:150)
at java.util.stream.AbstractPipeline.evaluate(AbstractPipeline.java:234)
at java.util.stream.ReferencePipeline.findFirst(ReferencePipeline.java:647)
at org.openqa.selenium.remote.ProtocolHandshake.createSession(ProtocolHandshake.java:362)
at org.openqa.selenium.remote.server.ServicedSession$Factory.apply(ServicedSession.java:185)
at org.openqa.selenium.remote.server.ActiveSessionFactory.lambda$createSession$16(ActiveSessionFactory.java:171)
at java.util.Optional.map(Optional.java:260)
at org.openqa.selenium.remote.server.ActiveSessionFactory.createSession(ActiveSessionFactory.java:171)
at org.openqa.selenium.remote.server.BeginSession.execute(BeginSession.java:67)
at org.openqa.selenium.remote.server.WebDriverServlet.lambda$handle$0(WebDriverServlet.java:231)
at java.util.concurrent.Executors$RunnableAdapter.call(Executors.java:515)
at java.util.concurrent.FutureTask.run(FutureTask.java:264)
at java.util.concurrent.ThreadPoolExecutor.runWorker(ThreadPoolExecutor.java:1130)
at java.util.concurrent.ThreadPoolExecutor$Worker.run(ThreadPoolExecutor.java:630)
at java.lang.Thread.run(Thread.java:831)
]]>
    </error>
  </testcase> <!-- invokeBrowser -->
  <system-out/>
  <testcase name="testing" time="0.000" classname="testSuites.SmokeTesting">
    <skipped/>
  </testcase> <!-- testing -->
  <system-out/>
</testsuite> <!-- testSuites.SmokeTesting -->
